# JRE version: OpenJDK Runtime Environment (8.0_242-b01) (build 1.8.0_242-release-1644-b01)
# Java VM: OpenJDK 64-Bit Server VM (25.242-b01 mixed mode windows-amd64 compressed oops)
Heap:
 PSYoungGen      total 524800K, used 174451K [0x00000000d5580000, 0x00000000f9280000, 0x0000000100000000)
  eden space 472064K, 28% used [0x00000000d5580000,0x00000000ddadd5e0,0x00000000f2280000)
  from space 52736K, 71% used [0x00000000f5f00000,0x00000000f83ff8b8,0x00000000f9280000)
  to   space 57344K, 0% used [0x00000000f2280000,0x00000000f2280000,0x00000000f5a80000)
 ParOldGen       total 218112K, used 101704K [0x0000000080000000, 0x000000008d500000, 0x00000000d5580000)
  object space 218112K, 46% used [0x0000000080000000,0x00000000863522a8,0x000000008d500000)
 Metaspace       used 102613K, capacity 110640K, committed 110888K, reserved 1146880K
  class space    used 12944K, capacity 14262K, committed 14384K, reserved 1048576K
GC Heap History (10 events):
Event: 7476.484 GC heap before
{Heap before GC invocations=58 (full 4):
 PSYoungGen      total 411648K, used 397417K [0x00000000d5580000, 0x00000000f2a80000, 0x0000000100000000)
  eden space 371200K, 100% used [0x00000000d5580000,0x00000000ec000000,0x00000000ec000000)
  from space 40448K, 64% used [0x00000000ec000000,0x00000000ed99a738,0x00000000ee780000)
  to   space 40960K, 0% used [0x00000000f0280000,0x00000000f0280000,0x00000000f2a80000)
 ParOldGen       total 218112K, used 75665K [0x0000000080000000, 0x000000008d500000, 0x00000000d5580000)
  object space 218112K, 34% used [0x0000000080000000,0x00000000849e4720,0x000000008d500000)
 Metaspace       used 102224K, capacity 110262K, committed 110504K, reserved 1144832K
  class space    used 12918K, capacity 14255K, committed 14256K, reserved 1048576K
Event: 7476.519 GC heap after
Heap after GC invocations=58 (full 4):
 PSYoungGen      total 439296K, used 26058K [0x00000000d5580000, 0x00000000f2c00000, 0x0000000100000000)
  eden space 398336K, 0% used [0x00000000d5580000,0x00000000d5580000,0x00000000eda80000)
  from space 40960K, 63% used [0x00000000f0280000,0x00000000f1bf2bf0,0x00000000f2a80000)
  to   space 40960K, 0% used [0x00000000eda80000,0x00000000eda80000,0x00000000f0280000)
 ParOldGen       total 218112K, used 75705K [0x0000000080000000, 0x000000008d500000, 0x00000000d5580000)
  object space 218112K, 34% used [0x0000000080000000,0x00000000849ee720,0x000000008d500000)
 Metaspace       used 102224K, capacity 110262K, committed 110504K, reserved 1144832K
  class space    used 12918K, capacity 14255K, committed 14256K, reserved 1048576K
}
Event: 7478.239 GC heap before
{Heap before GC invocations=59 (full 4):
 PSYoungGen      total 439296K, used 424394K [0x00000000d5580000, 0x00000000f2c00000, 0x0000000100000000)
  eden space 398336K, 100% used [0x00000000d5580000,0x00000000eda80000,0x00000000eda80000)
  from space 40960K, 63% used [0x00000000f0280000,0x00000000f1bf2bf0,0x00000000f2a80000)
  to   space 40960K, 0% used [0x00000000eda80000,0x00000000eda80000,0x00000000f0280000)
 ParOldGen       total 218112K, used 75705K [0x0000000080000000, 0x000000008d500000, 0x00000000d5580000)
  object space 218112K, 34% used [0x0000000080000000,0x00000000849ee720,0x000000008d500000)
 Metaspace       used 102227K, capacity 110264K, committed 110504K, reserved 1144832K
  class space    used 12919K, capacity 14256K, committed 14256K, reserved 1048576K
Event: 7478.282 GC heap after
Heap after GC invocations=59 (full 4):
 PSYoungGen      total 439296K, used 26056K [0x00000000d5580000, 0x00000000f4b00000, 0x0000000100000000)
  eden space 398336K, 0% used [0x00000000d5580000,0x00000000d5580000,0x00000000eda80000)
  from space 40960K, 63% used [0x00000000eda80000,0x00000000ef3f2068,0x00000000f0280000)
  to   space 40960K, 0% used [0x00000000f2300000,0x00000000f2300000,0x00000000f4b00000)
 ParOldGen       total 218112K, used 75785K [0x0000000080000000, 0x000000008d500000, 0x00000000d5580000)
  object space 218112K, 34% used [0x0000000080000000,0x0000000084a02730,0x000000008d500000)
 Metaspace       used 102227K, capacity 110264K, committed 110504K, reserved 1144832K
  class space    used 12919K, capacity 14256K, committed 14256K, reserved 1048576K
}
Event: 7479.810 GC heap before
{Heap before GC invocations=60 (full 4):
 PSYoungGen      total 439296K, used 424392K [0x00000000d5580000, 0x00000000f4b00000, 0x0000000100000000)
  eden space 398336K, 100% used [0x00000000d5580000,0x00000000eda80000,0x00000000eda80000)
  from space 40960K, 63% used [0x00000000eda80000,0x00000000ef3f2068,0x00000000f0280000)
  to   space 40960K, 0% used [0x00000000f2300000,0x00000000f2300000,0x00000000f4b00000)
 ParOldGen       total 218112K, used 75785K [0x0000000080000000, 0x000000008d500000, 0x00000000d5580000)
  object space 218112K, 34% used [0x0000000080000000,0x0000000084a02730,0x000000008d500000)
 Metaspace       used 102237K, capacity 110336K, committed 110504K, reserved 1144832K
  class space    used 12919K, capacity 14256K, committed 14256K, reserved 1048576K
Event: 7479.856 GC heap after
Heap after GC invocations=60 (full 4):
 PSYoungGen      total 472576K, used 26167K [0x00000000d5580000, 0x00000000f4e00000, 0x0000000100000000)
  eden space 431616K, 0% used [0x00000000d5580000,0x00000000d5580000,0x00000000efb00000)
  from space 40960K, 63% used [0x00000000f2300000,0x00000000f3c8dfe0,0x00000000f4b00000)
  to   space 40960K, 0% used [0x00000000efb00000,0x00000000efb00000,0x00000000f2300000)
 ParOldGen       total 218112K, used 75809K [0x0000000080000000, 0x000000008d500000, 0x00000000d5580000)
  object space 218112K, 34% used [0x0000000080000000,0x0000000084a08730,0x000000008d500000)
 Metaspace       used 102237K, capacity 110336K, committed 110504K, reserved 1144832K
  class space    used 12919K, capacity 14256K, committed 14256K, reserved 1048576K
}
Event: 7483.302 GC heap before
{Heap before GC invocations=61 (full 4):
 PSYoungGen      total 472576K, used 457783K [0x00000000d5580000, 0x00000000f4e00000, 0x0000000100000000)
  eden space 431616K, 100% used [0x00000000d5580000,0x00000000efb00000,0x00000000efb00000)
  from space 40960K, 63% used [0x00000000f2300000,0x00000000f3c8dfe0,0x00000000f4b00000)
  to   space 40960K, 0% used [0x00000000efb00000,0x00000000efb00000,0x00000000f2300000)
 ParOldGen       total 218112K, used 75809K [0x0000000080000000, 0x000000008d500000, 0x00000000d5580000)
  object space 218112K, 34% used [0x0000000080000000,0x0000000084a08730,0x000000008d500000)
 Metaspace       used 102265K, capacity 110346K, committed 110632K, reserved 1144832K
  class space    used 12919K, capacity 14257K, committed 14384K, reserved 1048576K
Event: 7483.535 GC heap after
Heap after GC invocations=61 (full 4):
 PSYoungGen      total 472576K, used 40932K [0x00000000d5580000, 0x00000000f9580000, 0x0000000100000000)
  eden space 431616K, 0% used [0x00000000d5580000,0x00000000d5580000,0x00000000efb00000)
  from space 40960K, 99% used [0x00000000efb00000,0x00000000f22f90b8,0x00000000f2300000)
  to   space 55808K, 0% used [0x00000000f5f00000,0x00000000f5f00000,0x00000000f9580000)
 ParOldGen       total 218112K, used 101672K [0x0000000080000000, 0x000000008d500000, 0x00000000d5580000)
  object space 218112K, 46% used [0x0000000080000000,0x000000008634a2a8,0x000000008d500000)
 Metaspace       used 102265K, capacity 110346K, committed 110632K, reserved 1144832K
  class space    used 12919K, capacity 14257K, committed 14384K, reserved 1048576K
}
Event: 10122.178 GC heap before
{Heap before GC invocations=62 (full 4):
 PSYoungGen      total 472576K, used 472541K [0x00000000d5580000, 0x00000000f9580000, 0x0000000100000000)
  eden space 431616K, 99% used [0x00000000d5580000,0x00000000efafe610,0x00000000efb00000)
  from space 40960K, 99% used [0x00000000efb00000,0x00000000f22f90b8,0x00000000f2300000)
  to   space 55808K, 0% used [0x00000000f5f00000,0x00000000f5f00000,0x00000000f9580000)
 ParOldGen       total 218112K, used 101672K [0x0000000080000000, 0x000000008d500000, 0x00000000d5580000)
  object space 218112K, 46% used [0x0000000080000000,0x000000008634a2a8,0x000000008d500000)
 Metaspace       used 102370K, capacity 110418K, committed 110632K, reserved 1144832K
  class space    used 12920K, capacity 14257K, committed 14384K, reserved 1048576K
Event: 10122.383 GC heap after
Heap after GC invocations=62 (full 4):
 PSYoungGen      total 524800K, used 37886K [0x00000000d5580000, 0x00000000f9280000, 0x0000000100000000)
  eden space 472064K, 0% used [0x00000000d5580000,0x00000000d5580000,0x00000000f2280000)
  from space 52736K, 71% used [0x00000000f5f00000,0x00000000f83ff8b8,0x00000000f9280000)
  to   space 57344K, 0% used [0x00000000f2280000,0x00000000f2280000,0x00000000f5a80000)
 ParOldGen       total 218112K, used 101704K [0x0000000080000000, 0x000000008d500000, 0x00000000d5580000)
  object space 218112K, 46% used [0x0000000080000000,0x00000000863522a8,0x000000008d500000)
 Metaspace       used 102370K, capacity 110418K, committed 110632K, reserved 1144832K
  class space    used 12920K, capacity 14257K, committed 14384K, reserved 1048576K
}

